<?xml version="1.0" encoding="UTF-8"?>
<!-- Generated by org.testng.reporters.JUnitReportReporter -->
<testsuite skipped="0" hostname="Shadmans-MBP.home" name="com.dunkin.shadman.onlineStore.testScripts.homepage.HomePageTest" tests="1" failures="0" timestamp="14 Nov 2018 09:00:29 GMT" time="10.696" errors="0">
  <testcase name="goingToSignInPage" time="10.696" classname="com.dunkin.shadman.onlineStore.testScripts.homepage.HomePageTest"/>
</testsuite> <!-- com.dunkin.shadman.onlineStore.testScripts.homepage.HomePageTest -->
