<?xml version="1.0" encoding="UTF-8"?>
<!-- Generated by org.testng.reporters.JUnitReportReporter -->
<testsuite skipped="0" hostname="shadmans-mbp.lan" name="com.dunkin.TestC" tests="1" failures="0" timestamp="21 Nov 2018 20:01:43 GMT" time="0.005" errors="0">
  <testcase name="loginTestC" time="0.005" classname="com.dunkin.TestC"/>
</testsuite> <!-- com.dunkin.TestC -->
