<?xml version="1.0" encoding="UTF-8"?>
<!-- Generated by org.testng.reporters.JUnitReportReporter -->
<testsuite skipped="0" hostname="shadmans-mbp.lan" name="com.dunkin.shadman.onlineStore.helper.api.GetData" tests="1" failures="0" timestamp="13 Nov 2018 21:22:39 GMT" time="0.030" errors="0">
  <testcase name="test2" time="0.030" classname="com.dunkin.shadman.onlineStore.helper.api.GetData"/>
</testsuite> <!-- com.dunkin.shadman.onlineStore.helper.api.GetData -->
