<?xml version="1.0" encoding="UTF-8"?>
<!-- Generated by org.testng.reporters.JUnitReportReporter -->
<testsuite skipped="0" hostname="shadmans-mbp.lan" name="com.dunkin.shadman.onlineStore.testScripts.TestScreenShot" tests="1" failures="0" timestamp="21 Nov 2018 20:01:43 GMT" time="6.248" errors="0">
  <testcase name="testScreen" time="6.248" classname="com.dunkin.shadman.onlineStore.testScripts.TestScreenShot"/>
</testsuite> <!-- com.dunkin.shadman.onlineStore.testScripts.TestScreenShot -->
