<?xml version="1.0" encoding="UTF-8"?>
<!-- Generated by org.testng.reporters.JUnitReportReporter -->
<testsuite skipped="0" hostname="shadmans-mbp.lan" name="com.dunkin.TestA" tests="4" failures="0" timestamp="21 Nov 2018 20:01:43 GMT" time="0.018" errors="0">
  <testcase name="loginTest" time="0.010" classname="com.dunkin.TestA"/>
  <testcase name="loginTest" time="0.004" classname="com.dunkin.TestA"/>
  <testcase name="loginTest" time="0.002" classname="com.dunkin.TestA"/>
  <testcase name="loginTest" time="0.002" classname="com.dunkin.TestA"/>
</testsuite> <!-- com.dunkin.TestA -->
