<?xml version="1.0" encoding="UTF-8"?>
<!-- Generated by org.testng.reporters.JUnitReportReporter -->
<testsuite skipped="0" hostname="Shadmans-MBP.home" name="com.dunkin.TestA" tests="4" failures="0" timestamp="08 Nov 2018 05:23:32 GMT" time="0.004" errors="0">
  <testcase name="loginTest" time="0.002" classname="com.dunkin.TestA"/>
  <testcase name="loginTest" time="0.001" classname="com.dunkin.TestA"/>
  <testcase name="loginTest" time="0.001" classname="com.dunkin.TestA"/>
  <testcase name="loginTest" time="0.000" classname="com.dunkin.TestA"/>
</testsuite> <!-- com.dunkin.TestA -->
