<?xml version="1.0" encoding="UTF-8"?>
<!-- Generated by org.testng.reporters.JUnitReportReporter -->
<testsuite skipped="0" hostname="Shadmans-MBP.home" name="com.dunkin.TestC" tests="1" failures="0" timestamp="08 Nov 2018 05:23:32 GMT" time="0.004" errors="0">
  <testcase name="loginTestC" time="0.004" classname="com.dunkin.TestC"/>
</testsuite> <!-- com.dunkin.TestC -->
