<?xml version="1.0" encoding="UTF-8"?>
<!-- Generated by org.testng.reporters.JUnitReportReporter -->
<testsuite skipped="0" hostname="Shadmans-MBP.home" name="com.dunkin.shadman.onlineStore.testScripts.TestScreenShot" tests="1" failures="0" timestamp="08 Nov 2018 05:23:32 GMT" time="5.903" errors="0">
  <testcase name="testScreen" time="5.903" classname="com.dunkin.shadman.onlineStore.testScripts.TestScreenShot"/>
</testsuite> <!-- com.dunkin.shadman.onlineStore.testScripts.TestScreenShot -->
